<?xml version="1.0" encoding="UTF-8"?>
<!-- Generated by org.testng.reporters.JUnitXMLReporter -->
<testsuite hostname="DESKTOP-NRQHBII" ignored="0" name="Default test" tests="3" failures="0" timestamp="26 Jan 2020 15:56:29 GMT" time="44.285" errors="0">
  <testcase name="verifyBorrowingEstimate" time="21.52" classname="com.Tests.TestCases"/>
  <testcase name="verifyClearForm" time="0.368" classname="com.Tests.TestCases"/>
  <testcase name="verifyUnableToGiveAnEstimateOfYourBorrowing" time="2.206" classname="com.Tests.TestCases"/>
</testsuite> <!-- Default test -->
