<?xml version="1.0" encoding="UTF-8"?>
<!-- Generated by org.testng.reporters.JUnitXMLReporter -->
<testsuite hostname="DESKTOP-NRQHBII" ignored="0" name="testngTest" tests="3" failures="0" timestamp="26 Jan 2020 16:46:40 GMT" time="42.996" errors="0">
  <testcase name="verifyBorrowingEstimate" time="16.883" classname="com.Tests.TestCases"/>
  <testcase name="verifyClearForm" time="0.416" classname="com.Tests.TestCases"/>
  <testcase name="verifyUnableToGiveAnEstimateOfYourBorrowing" time="2.304" classname="com.Tests.TestCases"/>
</testsuite> <!-- testngTest -->
